#
# There is insufficient memory for the Java Runtime Environment to continue.
# Native memory allocation (mmap) failed to map 65536 bytes for Failed to commit metaspace.
# Possible reasons:
#   The system is out of physical RAM or swap space
#   The process is running with CompressedOops enabled, and the Java Heap may be blocking the growth of the native heap
# Possible solutions:
#   Reduce memory load on the system
#   Increase physical memory or swap space
#   Check if swap backing store is full
#   Decrease Java heap size (-Xmx/-Xms)
#   Decrease number of Java threads
#   Decrease Java thread stack sizes (-Xss)
#   Set larger code cache with -XX:ReservedCodeCacheSize=
#   JVM is running with Unscaled Compressed Oops mode in which the Java heap is
#     placed in the first 4GB address space. The Java Heap base address is the
#     maximum limit for the native heap growth. Please use -XX:HeapBaseMinAddress
#     to set the Java Heap base and to place the Java Heap above 4GB virtual address.
# This output file may be truncated or incomplete.
#
#  Out of Memory Error (virtualSpaceNode.cpp:110), pid=3732, tid=11676
#
# JRE version: Java(TM) SE Runtime Environment (17.0.10+11) (build 17.0.10+11-LTS-240)
# Java VM: Java HotSpot(TM) 64-Bit Server VM (17.0.10+11-LTS-240, mixed mode, sharing, tiered, compressed oops, compressed class ptrs, g1 gc, windows-amd64)
# No core dump will be written. Minidumps are not enabled by default on client versions of Windows
#

---------------  S U M M A R Y ------------

Command Line: -ea -Didea.test.cyclic.buffer.size=1048576 -javaagent:C:\Program Files\JetBrains\IntelliJ IDEA Community Edition 2024.1.2\lib\idea_rt.jar=55029:C:\Program Files\JetBrains\IntelliJ IDEA Community Edition 2024.1.2\bin -Dfile.encoding=UTF-8 com.intellij.rt.testng.RemoteTestNGStarter -usedefaultlisteners false -socket55028 @w@C:\Users\CANER\AppData\Local\Temp\idea_working_dirs_testng.tmp -temp C:\Users\CANER\AppData\Local\Temp\idea_testng.tmp

Host: Intel(R) Core(TM) i3 CPU       M 370  @ 2.40GHz, 4 cores, 2G,  Windows 10 , 64 bit Build 19041 (10.0.19041.3636)
Time: Fri Jun 14 10:57:45 2024 Türkiye Standart Saati elapsed time: 17.663382 seconds (0d 0h 0m 17s)

---------------  T H R E A D  ---------------

Current thread (0x000002da7962d650):  JavaThread "pool-1-thread-3" [_thread_in_vm, id=11676, stack(0x000000fd4f500000,0x000000fd4f600000)]

Stack: [0x000000fd4f500000,0x000000fd4f600000]
Native frames: (J=compiled Java code, j=interpreted, Vv=VM code, C=native code)
V  [jvm.dll+0x677a5a]
V  [jvm.dll+0x7d8b2d]
V  [jvm.dll+0x7da48e]
V  [jvm.dll+0x7daaf3]
V  [jvm.dll+0x2455ff]
V  [jvm.dll+0x7d483b]
V  [jvm.dll+0x61dc06]
V  [jvm.dll+0x1bfa87]
V  [jvm.dll+0x620570]
V  [jvm.dll+0x61e5c6]
V  [jvm.dll+0x1e7415]
V  [jvm.dll+0x1ea1b0]
V  [jvm.dll+0x1dfa01]
V  [jvm.dll+0x53d58c]
V  [jvm.dll+0x753438]
V  [jvm.dll+0x753524]
V  [jvm.dll+0x40babf]
V  [jvm.dll+0x411a89]
C  [java.dll+0x1971]

Java frames: (J=compiled Java code, j=interpreted, Vv=VM code)
j  java.lang.ClassLoader.defineClass2(Ljava/lang/ClassLoader;Ljava/lang/String;Ljava/nio/ByteBuffer;IILjava/security/ProtectionDomain;Ljava/lang/String;)Ljava/lang/Class;+0 java.base@17.0.10
j  java.lang.ClassLoader.defineClass(Ljava/lang/String;Ljava/nio/ByteBuffer;Ljava/security/ProtectionDomain;)Ljava/lang/Class;+93 java.base@17.0.10
j  java.security.SecureClassLoader.defineClass(Ljava/lang/String;Ljava/nio/ByteBuffer;Ljava/security/CodeSource;)Ljava/lang/Class;+8 java.base@17.0.10
j  jdk.internal.loader.BuiltinClassLoader.defineClass(Ljava/lang/String;Ljdk/internal/loader/BuiltinClassLoader$LoadedModule;)Ljava/lang/Class;+127 java.base@17.0.10
J 597 c1 jdk.internal.loader.BuiltinClassLoader.loadClassOrNull(Ljava/lang/String;Z)Ljava/lang/Class; java.base@17.0.10 (143 bytes) @ 0x000002da201b16b4 [0x000002da201b10c0+0x00000000000005f4]
J 638 c1 jdk.internal.loader.BuiltinClassLoader.loadClass(Ljava/lang/String;Z)Ljava/lang/Class; java.base@17.0.10 (22 bytes) @ 0x000002da201bfa4c [0x000002da201bf940+0x000000000000010c]
J 637 c1 java.lang.ClassLoader.loadClass(Ljava/lang/String;)Ljava/lang/Class; java.base@17.0.10 (7 bytes) @ 0x000002da201bf64c [0x000002da201bf540+0x000000000000010c]
v  ~StubRoutines::call_stub
j  jdk.internal.net.http.Http1Response.readBody(Ljava/net/http/HttpResponse$BodySubscriber;ZLjava/util/concurrent/Executor;)Ljava/util/concurrent/CompletableFuture;+168 java.net.http@17.0.10
j  jdk.internal.net.http.Http1Exchange.readBodyAsync(Ljava/net/http/HttpResponse$BodyHandler;ZLjava/util/concurrent/Executor;)Ljava/util/concurrent/CompletableFuture;+40 java.net.http@17.0.10
j  jdk.internal.net.http.Exchange.readBodyAsync(Ljava/net/http/HttpResponse$BodyHandler;)Ljava/util/concurrent/CompletableFuture;+36 java.net.http@17.0.10
j  jdk.internal.net.http.MultiExchange.lambda$responseAsync0$4(Ljdk/internal/net/http/Response;)Ljava/util/concurrent/CompletionStage;+53 java.net.http@17.0.10
j  jdk.internal.net.http.MultiExchange$$Lambda$483+0x000002da34224000.apply(Ljava/lang/Object;)Ljava/lang/Object;+8 java.net.http@17.0.10
j  java.util.concurrent.CompletableFuture$UniCompose.tryFire(I)Ljava/util/concurrent/CompletableFuture;+105 java.base@17.0.10
j  java.util.concurrent.CompletableFuture.postComplete()V+76 java.base@17.0.10
j  java.util.concurrent.CompletableFuture.postFire(Ljava/util/concurrent/CompletableFuture;I)Ljava/util/concurrent/CompletableFuture;+64 java.base@17.0.10
j  java.util.concurrent.CompletableFuture$UniApply.tryFire(I)Ljava/util/concurrent/CompletableFuture;+145 java.base@17.0.10
j  java.util.concurrent.CompletableFuture$Completion.run()V+2 java.base@17.0.10
j  jdk.internal.net.http.HttpClientImpl$DelegatingExecutor.execute(Ljava/lang/Runnable;)V+26 java.net.http@17.0.10
j  java.util.concurrent.CompletableFuture$UniCompletion.claim()Z+27 java.base@17.0.10
j  java.util.concurrent.CompletableFuture$UniApply.tryFire(I)Ljava/util/concurrent/CompletableFuture;+89 java.base@17.0.10
j  java.util.concurrent.CompletableFuture.postComplete()V+76 java.base@17.0.10
j  java.util.concurrent.CompletableFuture.complete(Ljava/lang/Object;)Z+7 java.base@17.0.10
j  jdk.internal.net.http.Http1Response$HeadersReader.handle(Ljava/nio/ByteBuffer;Ljdk/internal/net/http/Http1HeaderParser;Ljava/util/concurrent/CompletableFuture;)V+168 java.net.http@17.0.10
j  jdk.internal.net.http.Http1Response$HeadersReader.handle(Ljava/nio/ByteBuffer;Ljava/lang/Object;Ljava/util/concurrent/CompletableFuture;)V+7 java.net.http@17.0.10
j  jdk.internal.net.http.Http1Response$Receiver.accept(Ljava/nio/ByteBuffer;Ljava/lang/Object;Ljava/util/concurrent/CompletableFuture;)Z+21 java.net.http@17.0.10
j  jdk.internal.net.http.Http1Response$HeadersReader.tryAsyncReceive(Ljava/nio/ByteBuffer;)Z+39 java.net.http@17.0.10
j  jdk.internal.net.http.Http1AsyncReceiver.flush()V+198 java.net.http@17.0.10
j  jdk.internal.net.http.Http1AsyncReceiver$$Lambda$511+0x000002da342306c0.run()V+4 java.net.http@17.0.10
j  jdk.internal.net.http.common.SequentialScheduler$LockingRestartableTask.run()V+34 java.net.http@17.0.10
j  jdk.internal.net.http.common.SequentialScheduler$CompleteRestartableTask.run(Ljdk/internal/net/http/common/SequentialScheduler$DeferredCompleter;)V+1 java.net.http@17.0.10
j  jdk.internal.net.http.common.SequentialScheduler$SchedulableTask.run()V+14 java.net.http@17.0.10
j  java.util.concurrent.ThreadPoolExecutor.runWorker(Ljava/util/concurrent/ThreadPoolExecutor$Worker;)V+92 java.base@17.0.10
j  java.util.concurrent.ThreadPoolExecutor$Worker.run()V+5 java.base@17.0.10
j  java.lang.Thread.run()V+11 java.base@17.0.10
v  ~StubRoutines::call_stub

---------------  P R O C E S S  ---------------

Threads class SMR info:
_java_thread_list=0x000002da79a837d0, length=23, elements={
0x000002da18810840, 0x000002da740ed000, 0x000002da740efe90, 0x000002da74104860,
0x000002da74108340, 0x000002da74108d00, 0x000002da741096c0, 0x000002da7410e8c0,
0x000002da7410f370, 0x000002da7414d600, 0x000002da740dc410, 0x000002da743aadf0,
0x000002da743ab2d0, 0x000002da74e69c50, 0x000002da79851b90, 0x000002da797999f0,
0x000002da79a226f0, 0x000002da7962fed0, 0x000002da7962e580, 0x000002da796303e0,
0x000002da7962e070, 0x000002da7962efa0, 0x000002da7962d650
}

Java Threads: ( => current thread )
  0x000002da18810840 JavaThread "Forwarding newSession on session null to remote" [_thread_blocked, id=9264, stack(0x000000fd4d300000,0x000000fd4d400000)]
  0x000002da740ed000 JavaThread "Reference Handler" daemon [_thread_blocked, id=4880, stack(0x000000fd4da00000,0x000000fd4db00000)]
  0x000002da740efe90 JavaThread "Finalizer" daemon [_thread_blocked, id=9984, stack(0x000000fd4db00000,0x000000fd4dc00000)]
  0x000002da74104860 JavaThread "Signal Dispatcher" daemon [_thread_blocked, id=1332, stack(0x000000fd4dc00000,0x000000fd4dd00000)]
  0x000002da74108340 JavaThread "Attach Listener" daemon [_thread_blocked, id=12776, stack(0x000000fd4dd00000,0x000000fd4de00000)]
  0x000002da74108d00 JavaThread "Service Thread" daemon [_thread_blocked, id=5956, stack(0x000000fd4de00000,0x000000fd4df00000)]
  0x000002da741096c0 JavaThread "Monitor Deflation Thread" daemon [_thread_blocked, id=3404, stack(0x000000fd4df00000,0x000000fd4e000000)]
  0x000002da7410e8c0 JavaThread "C2 CompilerThread0" daemon [_thread_blocked, id=5712, stack(0x000000fd4e000000,0x000000fd4e100000)]
  0x000002da7410f370 JavaThread "C1 CompilerThread0" daemon [_thread_blocked, id=13580, stack(0x000000fd4e100000,0x000000fd4e200000)]
  0x000002da7414d600 JavaThread "Sweeper thread" daemon [_thread_blocked, id=11684, stack(0x000000fd4e200000,0x000000fd4e300000)]
  0x000002da740dc410 JavaThread "Common-Cleaner" daemon [_thread_blocked, id=9260, stack(0x000000fd4e300000,0x000000fd4e400000)]
  0x000002da743aadf0 JavaThread "Monitor Ctrl-Break" daemon [_thread_in_native, id=12324, stack(0x000000fd4e400000,0x000000fd4e500000)]
  0x000002da743ab2d0 JavaThread "Notification Thread" daemon [_thread_blocked, id=12768, stack(0x000000fd4e500000,0x000000fd4e600000)]
  0x000002da74e69c50 JavaThread "ForkJoinPool.commonPool-worker-1" daemon [_thread_blocked, id=13244, stack(0x000000fd4eb00000,0x000000fd4ec00000)]
  0x000002da79851b90 JavaThread "HttpClient-1-SelectorManager" daemon [_thread_in_native, id=11744, stack(0x000000fd4ec00000,0x000000fd4ed00000)]
  0x000002da797999f0 JavaThread "External Process Output Forwarder - C:\Users\CANER\.cache\selenium\chromedriver\win64\125.0.6422.141\chromedriver.exe" daemon [_thread_in_native, id=5192, stack(0x000000fd4ed00000,0x000000fd4ee00000)]
  0x000002da79a226f0 JavaThread "Driver Service Executor" daemon [_thread_blocked, id=612, stack(0x000000fd4ee00000,0x000000fd4ef00000)]
  0x000002da7962fed0 JavaThread "Driver Service Executor" daemon [_thread_in_native, id=6952, stack(0x000000fd4ef00000,0x000000fd4f000000)]
  0x000002da7962e580 JavaThread "UrlChecker-2" daemon [_thread_blocked, id=14068, stack(0x000000fd4f000000,0x000000fd4f100000)]
  0x000002da796303e0 JavaThread "Keep-Alive-Timer" daemon [_thread_blocked, id=800, stack(0x000000fd4f200000,0x000000fd4f300000)]
  0x000002da7962e070 JavaThread "pool-1-thread-1" [_thread_blocked, id=11932, stack(0x000000fd4f300000,0x000000fd4f400000)]
  0x000002da7962efa0 JavaThread "pool-1-thread-2" [_thread_blocked, id=11308, stack(0x000000fd4f400000,0x000000fd4f500000)]
=>0x000002da7962d650 JavaThread "pool-1-thread-3" [_thread_in_vm, id=11676, stack(0x000000fd4f500000,0x000000fd4f600000)]

Other Threads:
  0x000002da740e7b30 VMThread "VM Thread" [stack: 0x000000fd4d900000,0x000000fd4da00000] [id=12436]
  0x000002da740f36f0 WatcherThread [stack: 0x000000fd4e600000,0x000000fd4e700000] [id=12956]
  0x000002da18844870 GCTaskThread "GC Thread#0" [stack: 0x000000fd4d400000,0x000000fd4d500000] [id=9172]
  0x000002da74c0c180 GCTaskThread "GC Thread#1" [stack: 0x000000fd4e700000,0x000000fd4e800000] [id=4288]
  0x000002da74c40b80 GCTaskThread "GC Thread#2" [stack: 0x000000fd4e800000,0x000000fd4e900000] [id=13628]
  0x000002da74c40e40 GCTaskThread "GC Thread#3" [stack: 0x000000fd4e900000,0x000000fd4ea00000] [id=12856]
  0x000002da1884b580 ConcurrentGCThread "G1 Main Marker" [stack: 0x000000fd4d500000,0x000000fd4d600000] [id=13592]
  0x000002da1884bf90 ConcurrentGCThread "G1 Conc#0" [stack: 0x000000fd4d600000,0x000000fd4d700000] [id=14116]
  0x000002da1888bc60 ConcurrentGCThread "G1 Refine#0" [stack: 0x000000fd4d700000,0x000000fd4d800000] [id=236]
  0x000002da74c1e5d0 ConcurrentGCThread "G1 Refine#1" [stack: 0x000000fd4ea00000,0x000000fd4eb00000] [id=10152]
  0x000002da1888c690 ConcurrentGCThread "G1 Service" [stack: 0x000000fd4d800000,0x000000fd4d900000] [id=4316]

Threads with active compile tasks:

VM state: not at safepoint (normal execution)

VM Mutex/Monitor currently owned by a thread:  ([mutex/lock_event])
[0x000002da188098c0] Metaspace_lock - owner thread: 0x000002da7962d650

Heap address: 0x00000000d1200000, size: 750 MB, Compressed Oops mode: 32-bit

CDS archive(s) mapped at: [0x000002da33000000-0x000002da33bd0000-0x000002da33bd0000), size 12386304, SharedBaseAddress: 0x000002da33000000, ArchiveRelocationMode: 1.
Compressed class space mapped at: 0x000002da34000000-0x000002da74000000, reserved size: 1073741824
Narrow klass base: 0x000002da33000000, Narrow klass shift: 0, Narrow klass range: 0x100000000

GC Precious Log:
 CPUs: 4 total, 4 available
 Memory: 2996M
 Large Page Support: Disabled
 NUMA Support: Disabled
 Compressed Oops: Enabled (32-bit)
 Heap Region Size: 1M
 Heap Min Capacity: 8M
 Heap Initial Capacity: 48M
 Heap Max Capacity: 750M
 Pre-touch: Disabled
 Parallel Workers: 4
 Concurrent Workers: 1
 Concurrent Refinement Workers: 4
 Periodic GC: Disabled

Heap:
 garbage-first heap   total 49152K, used 28599K [0x00000000d1200000, 0x0000000100000000)
  region size 1024K, 23 young (23552K), 2 survivors (2048K)
 Metaspace       used 18554K, committed 18880K, reserved 1114112K
  class space    used 2199K, committed 2368K, reserved 1048576K

Heap Regions: E=young(eden), S=young(survivor), O=old, HS=humongous(starts), HC=humongous(continues), CS=collection set, F=free, OA=open archive, CA=closed archive, TAMS=top-at-mark-start (previous, next)
|   0|0x00000000d1200000, 0x00000000d1300000, 0x00000000d1300000|100%| O|  |TAMS 0x00000000d1200000, 0x00000000d1200000| Untracked 
|   1|0x00000000d1300000, 0x00000000d1400000, 0x00000000d1400000|100%| O|  |TAMS 0x00000000d1300000, 0x00000000d1300000| Untracked 
|   2|0x00000000d1400000, 0x00000000d1500000, 0x00000000d1500000|100%| O|  |TAMS 0x00000000d1400000, 0x00000000d1400000| Untracked 
|   3|0x00000000d1500000, 0x00000000d1600000, 0x00000000d1600000|100%| O|  |TAMS 0x00000000d1500000, 0x00000000d1500000| Untracked 
|   4|0x00000000d1600000, 0x00000000d1700000, 0x00000000d1700000|100%| O|  |TAMS 0x00000000d1600000, 0x00000000d1600000| Untracked 
|   5|0x00000000d1700000, 0x00000000d1800000, 0x00000000d1800000|100%| O|  |TAMS 0x00000000d1700000, 0x00000000d1700000| Untracked 
|   6|0x00000000d1800000, 0x00000000d188d400, 0x00000000d1900000| 55%| O|  |TAMS 0x00000000d1800000, 0x00000000d1800000| Untracked 
|   7|0x00000000d1900000, 0x00000000d1900000, 0x00000000d1a00000|  0%| F|  |TAMS 0x00000000d1900000, 0x00000000d1900000| Untracked 
|   8|0x00000000d1a00000, 0x00000000d1a00000, 0x00000000d1b00000|  0%| F|  |TAMS 0x00000000d1a00000, 0x00000000d1a00000| Untracked 
|   9|0x00000000d1b00000, 0x00000000d1b00000, 0x00000000d1c00000|  0%| F|  |TAMS 0x00000000d1b00000, 0x00000000d1b00000| Untracked 
|  10|0x00000000d1c00000, 0x00000000d1c00000, 0x00000000d1d00000|  0%| F|  |TAMS 0x00000000d1c00000, 0x00000000d1c00000| Untracked 
|  11|0x00000000d1d00000, 0x00000000d1d00000, 0x00000000d1e00000|  0%| F|  |TAMS 0x00000000d1d00000, 0x00000000d1d00000| Untracked 
|  12|0x00000000d1e00000, 0x00000000d1e00000, 0x00000000d1f00000|  0%| F|  |TAMS 0x00000000d1e00000, 0x00000000d1e00000| Untracked 
|  13|0x00000000d1f00000, 0x00000000d1f00000, 0x00000000d2000000|  0%| F|  |TAMS 0x00000000d1f00000, 0x00000000d1f00000| Untracked 
|  14|0x00000000d2000000, 0x00000000d2000000, 0x00000000d2100000|  0%| F|  |TAMS 0x00000000d2000000, 0x00000000d2000000| Untracked 
|  15|0x00000000d2100000, 0x00000000d2100000, 0x00000000d2200000|  0%| F|  |TAMS 0x00000000d2100000, 0x00000000d2100000| Untracked 
|  16|0x00000000d2200000, 0x00000000d2200000, 0x00000000d2300000|  0%| F|  |TAMS 0x00000000d2200000, 0x00000000d2200000| Untracked 
|  17|0x00000000d2300000, 0x00000000d2300000, 0x00000000d2400000|  0%| F|  |TAMS 0x00000000d2300000, 0x00000000d2300000| Untracked 
|  18|0x00000000d2400000, 0x00000000d2400000, 0x00000000d2500000|  0%| F|  |TAMS 0x00000000d2400000, 0x00000000d2400000| Untracked 
|  19|0x00000000d2500000, 0x00000000d2500000, 0x00000000d2600000|  0%| F|  |TAMS 0x00000000d2500000, 0x00000000d2500000| Untracked 
|  20|0x00000000d2600000, 0x00000000d2600000, 0x00000000d2700000|  0%| F|  |TAMS 0x00000000d2600000, 0x00000000d2600000| Untracked 
|  21|0x00000000d2700000, 0x00000000d2700000, 0x00000000d2800000|  0%| F|  |TAMS 0x00000000d2700000, 0x00000000d2700000| Untracked 
|  22|0x00000000d2800000, 0x00000000d2800000, 0x00000000d2900000|  0%| F|  |TAMS 0x00000000d2800000, 0x00000000d2800000| Untracked 
|  23|0x00000000d2900000, 0x00000000d2900000, 0x00000000d2a00000|  0%| F|  |TAMS 0x00000000d2900000, 0x00000000d2900000| Untracked 
|  24|0x00000000d2a00000, 0x00000000d2a00000, 0x00000000d2b00000|  0%| F|  |TAMS 0x00000000d2a00000, 0x00000000d2a00000| Untracked 
|  25|0x00000000d2b00000, 0x00000000d2c00000, 0x00000000d2c00000|100%| E|  |TAMS 0x00000000d2b00000, 0x00000000d2b00000| Complete 
|  26|0x00000000d2c00000, 0x00000000d2d00000, 0x00000000d2d00000|100%| E|CS|TAMS 0x00000000d2c00000, 0x00000000d2c00000| Complete 
|  27|0x00000000d2d00000, 0x00000000d2e00000, 0x00000000d2e00000|100%| E|CS|TAMS 0x00000000d2d00000, 0x00000000d2d00000| Complete 
|  28|0x00000000d2e00000, 0x00000000d2f00000, 0x00000000d2f00000|100%| E|CS|TAMS 0x00000000d2e00000, 0x00000000d2e00000| Complete 
|  29|0x00000000d2f00000, 0x00000000d3000000, 0x00000000d3000000|100%| E|CS|TAMS 0x00000000d2f00000, 0x00000000d2f00000| Complete 
|  30|0x00000000d3000000, 0x00000000d3100000, 0x00000000d3100000|100%| E|CS|TAMS 0x00000000d3000000, 0x00000000d3000000| Complete 
|  31|0x00000000d3100000, 0x00000000d31609d8, 0x00000000d3200000| 37%| S|CS|TAMS 0x00000000d3100000, 0x00000000d3100000| Complete 
|  32|0x00000000d3200000, 0x00000000d3300000, 0x00000000d3300000|100%| S|CS|TAMS 0x00000000d3200000, 0x00000000d3200000| Complete 
|  33|0x00000000d3300000, 0x00000000d3400000, 0x00000000d3400000|100%| E|CS|TAMS 0x00000000d3300000, 0x00000000d3300000| Complete 
|  34|0x00000000d3400000, 0x00000000d3500000, 0x00000000d3500000|100%| E|CS|TAMS 0x00000000d3400000, 0x00000000d3400000| Complete 
|  35|0x00000000d3500000, 0x00000000d3600000, 0x00000000d3600000|100%| E|CS|TAMS 0x00000000d3500000, 0x00000000d3500000| Complete 
|  36|0x00000000d3600000, 0x00000000d3700000, 0x00000000d3700000|100%| E|CS|TAMS 0x00000000d3600000, 0x00000000d3600000| Complete 
|  37|0x00000000d3700000, 0x00000000d3800000, 0x00000000d3800000|100%| E|CS|TAMS 0x00000000d3700000, 0x00000000d3700000| Complete 
|  38|0x00000000d3800000, 0x00000000d3900000, 0x00000000d3900000|100%| E|CS|TAMS 0x00000000d3800000, 0x00000000d3800000| Complete 
|  39|0x00000000d3900000, 0x00000000d3a00000, 0x00000000d3a00000|100%| E|CS|TAMS 0x00000000d3900000, 0x00000000d3900000| Complete 
|  40|0x00000000d3a00000, 0x00000000d3b00000, 0x00000000d3b00000|100%| E|CS|TAMS 0x00000000d3a00000, 0x00000000d3a00000| Complete 
|  41|0x00000000d3b00000, 0x00000000d3c00000, 0x00000000d3c00000|100%| E|CS|TAMS 0x00000000d3b00000, 0x00000000d3b00000| Complete 
|  42|0x00000000d3c00000, 0x00000000d3d00000, 0x00000000d3d00000|100%| E|CS|TAMS 0x00000000d3c00000, 0x00000000d3c00000| Complete 
|  43|0x00000000d3d00000, 0x00000000d3e00000, 0x00000000d3e00000|100%| E|CS|TAMS 0x00000000d3d00000, 0x00000000d3d00000| Complete 
|  44|0x00000000d3e00000, 0x00000000d3f00000, 0x00000000d3f00000|100%| E|CS|TAMS 0x00000000d3e00000, 0x00000000d3e00000| Complete 
|  45|0x00000000d3f00000, 0x00000000d4000000, 0x00000000d4000000|100%| E|CS|TAMS 0x00000000d3f00000, 0x00000000d3f00000| Complete 
|  46|0x00000000d4000000, 0x00000000d4100000, 0x00000000d4100000|100%| E|CS|TAMS 0x00000000d4000000, 0x00000000d4000000| Complete 
|  47|0x00000000d4100000, 0x00000000d4200000, 0x00000000d4200000|100%| E|CS|TAMS 0x00000000d4100000, 0x00000000d4100000| Complete 

Card table byte_map: [0x000002da2f0c0000,0x000002da2f240000] _byte_map_base: 0x000002da2ea37000

Marking Bits (Prev, Next): (CMBitMap*) 0x000002da18844e90, (CMBitMap*) 0x000002da18844ed0
 Prev Bits: [0x000002da2f3c0000, 0x000002da2ff78000)
 Next Bits: [0x000002da2ff80000, 0x000002da30b38000)

Polling page: 0x000002da16990000

Metaspace:

Usage:
  Non-class:     15.97 MB used.
      Class:      2.15 MB used.
       Both:     18.12 MB used.

Virtual space:
  Non-class space:       64.00 MB reserved,      16.12 MB ( 25%) committed,  1 nodes.
      Class space:        1.00 GB reserved,       2.31 MB ( <1%) committed,  1 nodes.
             Both:        1.06 GB reserved,      18.44 MB (  2%) committed. 

Chunk freelists:
   Non-Class:  15.67 MB
       Class:  13.50 MB
        Both:  29.17 MB

MaxMetaspaceSize: unlimited
CompressedClassSpaceSize: 1.00 GB
Initial GC threshold: 21.00 MB
Current GC threshold: 21.00 MB
CDS: on
MetaspaceReclaimPolicy: balanced
 - commit_granule_bytes: 65536.
 - commit_granule_words: 8192.
 - virtual_space_node_default_size: 8388608.
 - enlarge_chunks_in_place: 1.
 - new_chunks_are_fully_committed: 0.
 - uncommit_free_chunks: 1.
 - use_allocation_guard: 0.
 - handle_deallocations: 1.


Internal statistics:

num_allocs_failed_limit: 0.
num_arena_births: 350.
num_arena_deaths: 0.
num_vsnodes_births: 2.
num_vsnodes_deaths: 0.
num_space_committed: 295.
num_space_uncommitted: 0.
num_chunks_returned_to_freelist: 0.
num_chunks_taken_from_freelist: 830.
num_chunk_merges: 0.
num_chunk_splits: 530.
num_chunks_enlarged: 355.
num_inconsistent_stats: 0.

CodeHeap 'non-profiled nmethods': size=120000Kb used=794Kb max_used=794Kb free=119205Kb
 bounds [0x000002da27b90000, 0x000002da27e00000, 0x000002da2f0c0000]
CodeHeap 'profiled nmethods': size=120000Kb used=4198Kb max_used=4198Kb free=115801Kb
 bounds [0x000002da200c0000, 0x000002da204e0000, 0x000002da275f0000]
CodeHeap 'non-nmethods': size=5760Kb used=1239Kb max_used=1275Kb free=4520Kb
 bounds [0x000002da275f0000, 0x000002da27860000, 0x000002da27b90000]
 total_blobs=2671 nmethods=2119 adapters=465
 compilation: enabled
              stopped_count=0, restarted_count=0
 full_count=0

Compilation events (20 events):
Event: 17.627 Thread 0x000002da7410f370 2110       1       jdk.internal.net.http.common.DebugLogger::on (5 bytes)
Event: 17.627 Thread 0x000002da7410f370 nmethod 2110 0x000002da27c56890 code [0x000002da27c56a20, 0x000002da27c56af8]
Event: 17.627 Thread 0x000002da7410f370 2111       3       java.util.Optional::of (12 bytes)
Event: 17.627 Thread 0x000002da7410f370 nmethod 2111 0x000002da204d2510 code [0x000002da204d26e0, 0x000002da204d2aa8]
Event: 17.627 Thread 0x000002da7410f370 2112       3       java.nio.HeapByteBuffer::get (14 bytes)
Event: 17.628 Thread 0x000002da7410f370 nmethod 2112 0x000002da204d2c10 code [0x000002da204d2dc0, 0x000002da204d3108]
Event: 17.628 Thread 0x000002da7410f370 2113       3       java.nio.Buffer::nextGetIndex (30 bytes)
Event: 17.628 Thread 0x000002da7410f370 nmethod 2113 0x000002da204d3290 code [0x000002da204d3440, 0x000002da204d3608]
Event: 17.640 Thread 0x000002da7410f370 2114       3       jdk.internal.misc.VM::isSupportedClassFileVersion (39 bytes)
Event: 17.641 Thread 0x000002da7410f370 nmethod 2114 0x000002da204d3710 code [0x000002da204d38c0, 0x000002da204d3b58]
Event: 17.641 Thread 0x000002da7410f370 2115       3       jdk.internal.org.objectweb.asm.ClassReader::readConst (276 bytes)
Event: 17.645 Thread 0x000002da7410f370 nmethod 2115 0x000002da204d3c10 code [0x000002da204d40a0, 0x000002da204d5e18]
Event: 17.645 Thread 0x000002da7410f370 2116       3       jdk.internal.org.objectweb.asm.Type::getClassName (172 bytes)
Event: 17.648 Thread 0x000002da7410f370 nmethod 2116 0x000002da204d6890 code [0x000002da204d6c20, 0x000002da204d80c8]
Event: 17.648 Thread 0x000002da7410f370 2117       3       java.lang.invoke.MethodHandles$Lookup$ClassDefiner::defineClassAsLookup (19 bytes)
Event: 17.648 Thread 0x000002da7410f370 nmethod 2117 0x000002da204d8790 code [0x000002da204d8940, 0x000002da204d8b38]
Event: 17.652 Thread 0x000002da7410f370 2118       3       java.lang.invoke.LambdaFormEditor$TransformKey::of (49 bytes)
Event: 17.653 Thread 0x000002da7410f370 nmethod 2118 0x000002da204d8c10 code [0x000002da204d8e00, 0x000002da204d9438]
Event: 17.653 Thread 0x000002da7410f370 2119       3       java.lang.invoke.LambdaFormEditor$TransformKey::packedBytes (32 bytes)
Event: 17.653 Thread 0x000002da7410f370 nmethod 2119 0x000002da204d9690 code [0x000002da204d9820, 0x000002da204d9938]

GC Heap History (6 events):
Event: 4.161 GC heap before
{Heap before GC invocations=0 (full 0):
 garbage-first heap   total 49152K, used 12288K [0x00000000d1200000, 0x0000000100000000)
  region size 1024K, 13 young (13312K), 0 survivors (0K)
 Metaspace       used 4961K, committed 5184K, reserved 1114112K
  class space    used 526K, committed 640K, reserved 1048576K
}
Event: 4.201 GC heap after
{Heap after GC invocations=1 (full 0):
 garbage-first heap   total 49152K, used 6472K [0x00000000d1200000, 0x0000000100000000)
  region size 1024K, 2 young (2048K), 2 survivors (2048K)
 Metaspace       used 4961K, committed 5184K, reserved 1114112K
  class space    used 526K, committed 640K, reserved 1048576K
}
Event: 4.947 GC heap before
{Heap before GC invocations=1 (full 0):
 garbage-first heap   total 49152K, used 14664K [0x00000000d1200000, 0x0000000100000000)
  region size 1024K, 10 young (10240K), 2 survivors (2048K)
 Metaspace       used 6815K, committed 7040K, reserved 1114112K
  class space    used 680K, committed 768K, reserved 1048576K
}
Event: 4.955 GC heap after
{Heap after GC invocations=2 (full 0):
 garbage-first heap   total 49152K, used 7510K [0x00000000d1200000, 0x0000000100000000)
  region size 1024K, 1 young (1024K), 1 survivors (1024K)
 Metaspace       used 6815K, committed 7040K, reserved 1114112K
  class space    used 680K, committed 768K, reserved 1048576K
}
Event: 6.959 GC heap before
{Heap before GC invocations=2 (full 0):
 garbage-first heap   total 49152K, used 21846K [0x00000000d1200000, 0x0000000100000000)
  region size 1024K, 15 young (15360K), 1 survivors (1024K)
 Metaspace       used 9993K, committed 10240K, reserved 1114112K
  class space    used 1090K, committed 1216K, reserved 1048576K
}
Event: 6.967 GC heap after
{Heap after GC invocations=3 (full 0):
 garbage-first heap   total 49152K, used 8119K [0x00000000d1200000, 0x0000000100000000)
  region size 1024K, 2 young (2048K), 2 survivors (2048K)
 Metaspace       used 9993K, committed 10240K, reserved 1114112K
  class space    used 1090K, committed 1216K, reserved 1048576K
}

Deoptimization events (20 events):
Event: 12.607 Thread 0x000002da18810840 Uncommon trap: trap_request=0xffffff45 fr.pc=0x000002da27bc6394 relative=0x00000000000004d4
Event: 12.607 Thread 0x000002da18810840 Uncommon trap: reason=unstable_if action=reinterpret pc=0x000002da27bc6394 method=java.lang.AbstractStringBuilder.putStringAt(ILjava/lang/String;II)V @ 8 c2
Event: 12.607 Thread 0x000002da18810840 DEOPT PACKING pc=0x000002da27bc6394 sp=0x000000fd4d3fa7e0
Event: 12.607 Thread 0x000002da18810840 DEOPT UNPACKING pc=0x000002da2764239d sp=0x000000fd4d3fa668 mode 2
Event: 12.607 Thread 0x000002da18810840 Uncommon trap: trap_request=0xffffff45 fr.pc=0x000002da27bc6f8c relative=0x00000000000004cc
Event: 12.607 Thread 0x000002da18810840 Uncommon trap: reason=unstable_if action=reinterpret pc=0x000002da27bc6f8c method=java.lang.AbstractStringBuilder.putStringAt(ILjava/lang/String;II)V @ 8 c2
Event: 12.607 Thread 0x000002da18810840 DEOPT PACKING pc=0x000002da27bc6f8c sp=0x000000fd4d3fa770
Event: 12.607 Thread 0x000002da18810840 DEOPT UNPACKING pc=0x000002da2764239d sp=0x000000fd4d3fa660 mode 2
Event: 12.607 Thread 0x000002da18810840 Uncommon trap: trap_request=0xffffff45 fr.pc=0x000002da27bf6888 relative=0x00000000000003e8
Event: 12.607 Thread 0x000002da18810840 Uncommon trap: reason=unstable_if action=reinterpret pc=0x000002da27bf6888 method=java.lang.StringBuilder.toString()Ljava/lang/String; @ 4 c2
Event: 12.607 Thread 0x000002da18810840 DEOPT PACKING pc=0x000002da27bf6888 sp=0x000000fd4d3fa7f0
Event: 12.607 Thread 0x000002da18810840 DEOPT UNPACKING pc=0x000002da2764239d sp=0x000000fd4d3fa7d0 mode 2
Event: 13.025 Thread 0x000002da18810840 DEOPT PACKING pc=0x000002da2043afbe sp=0x000000fd4d3fafc0
Event: 13.026 Thread 0x000002da18810840 DEOPT UNPACKING pc=0x000002da27642b24 sp=0x000000fd4d3fa440 mode 0
Event: 13.027 Thread 0x000002da18810840 DEOPT PACKING pc=0x000002da2043afbe sp=0x000000fd4d3fafc0
Event: 13.027 Thread 0x000002da18810840 DEOPT UNPACKING pc=0x000002da27642b24 sp=0x000000fd4d3fa440 mode 0
Event: 13.029 Thread 0x000002da18810840 DEOPT PACKING pc=0x000002da2043afbe sp=0x000000fd4d3fafc0
Event: 13.029 Thread 0x000002da18810840 DEOPT UNPACKING pc=0x000002da27642b24 sp=0x000000fd4d3fa440 mode 0
Event: 14.108 Thread 0x000002da18810840 DEOPT PACKING pc=0x000002da203872b8 sp=0x000000fd4d3f8e80
Event: 14.108 Thread 0x000002da18810840 DEOPT UNPACKING pc=0x000002da27642b24 sp=0x000000fd4d3f8398 mode 0

Classes unloaded (0 events):
No events

Classes redefined (0 events):
No events

Internal exceptions (20 events):
Event: 12.224 Thread 0x000002da18810840 Exception <a 'java/lang/NoSuchMethodError'{0x00000000d3965f30}: 'int java.lang.invoke.DirectMethodHandle$Holder.invokeSpecialIFC(java.lang.Object, java.lang.Object, java.lang.Object)'> (0x00000000d3965f30) 
thrown [s\open\src\hotspot\share\interpreter\linkResolver.cpp, line 759]
Event: 12.447 Thread 0x000002da18810840 Exception <a 'sun/nio/fs/WindowsException'{0x00000000d387ac88}> (0x00000000d387ac88) 
thrown [s\open\src\hotspot\share\prims\jni.cpp, line 516]
Event: 12.511 Thread 0x000002da18810840 Exception <a 'java/lang/NoSuchMethodError'{0x00000000d389e5f8}: 'int java.lang.invoke.DirectMethodHandle$Holder.invokeStaticInit(java.lang.Object, java.lang.Object, java.lang.Object, java.lang.Object)'> (0x00000000d389e5f8) 
thrown [s\open\src\hotspot\share\interpreter\linkResolver.cpp, line 759]
Event: 13.697 Thread 0x000002da18810840 Exception <a 'java/lang/NoSuchMethodError'{0x00000000d30c74e0}: 'java.lang.Object java.lang.invoke.DirectMethodHandle$Holder.invokeInterface(java.lang.Object, java.lang.Object, java.lang.Object)'> (0x00000000d30c74e0) 
thrown [s\open\src\hotspot\share\interpreter\linkResolver.cpp, line 759]
Event: 13.698 Thread 0x000002da18810840 Exception <a 'java/lang/IncompatibleClassChangeError'{0x00000000d30caba8}: Found class java.lang.Object, but interface was expected> (0x00000000d30caba8) 
thrown [s\open\src\hotspot\share\interpreter\linkResolver.cpp, line 826]
Event: 13.713 Thread 0x000002da18810840 Exception <a 'java/lang/NoSuchMethodError'{0x00000000d30d3050}: 'int java.lang.invoke.DirectMethodHandle$Holder.invokeSpecialIFC(java.lang.Object, java.lang.Object, java.lang.Object, java.lang.Object)'> (0x00000000d30d3050) 
thrown [s\open\src\hotspot\share\interpreter\linkResolver.cpp, line 759]
Event: 13.734 Thread 0x000002da18810840 Exception <a 'java/lang/NoSuchMethodError'{0x00000000d30f8098}: 'java.lang.Object java.lang.invoke.DirectMethodHandle$Holder.invokeVirtual(java.lang.Object, java.lang.Object, java.lang.Object, java.lang.Object)'> (0x00000000d30f8098) 
thrown [s\open\src\hotspot\share\interpreter\linkResolver.cpp, line 759]
Event: 13.888 Thread 0x000002da7962e580 Exception <a 'java/net/ConnectException'{0x00000000d2fd5188}: Connection refused: no further information> (0x00000000d2fd5188) 
thrown [s\open\src\hotspot\share\prims\jni.cpp, line 535]
Event: 13.888 Thread 0x000002da7962e580 Exception <a 'java/net/SocketException'{0x00000000d2fd54c0}: Socket is not connected: shutdown> (0x00000000d2fd54c0) 
thrown [s\open\src\hotspot\share\prims\jni.cpp, line 535]
Event: 13.908 Thread 0x000002da7962e580 Exception <a 'java/net/ConnectException'{0x00000000d2fd64b8}: Connection refused: no further information> (0x00000000d2fd64b8) 
thrown [s\open\src\hotspot\share\prims\jni.cpp, line 535]
Event: 13.908 Thread 0x000002da7962e580 Exception <a 'java/net/SocketException'{0x00000000d2fd67f0}: Socket is not connected: shutdown> (0x00000000d2fd67f0) 
thrown [s\open\src\hotspot\share\prims\jni.cpp, line 535]
Event: 13.947 Thread 0x000002da7962e580 Exception <a 'java/net/ConnectException'{0x00000000d2fd7718}: Connection refused: no further information> (0x00000000d2fd7718) 
thrown [s\open\src\hotspot\share\prims\jni.cpp, line 535]
Event: 13.947 Thread 0x000002da7962e580 Exception <a 'java/net/SocketException'{0x00000000d2fd7a50}: Socket is not connected: shutdown> (0x00000000d2fd7a50) 
thrown [s\open\src\hotspot\share\prims\jni.cpp, line 535]
Event: 13.993 Thread 0x000002da7962e580 Exception <a 'java/net/ConnectException'{0x00000000d2fd8978}: Connection refused: no further information> (0x00000000d2fd8978) 
thrown [s\open\src\hotspot\share\prims\jni.cpp, line 535]
Event: 13.994 Thread 0x000002da7962e580 Exception <a 'java/net/SocketException'{0x00000000d2fd8cb0}: Socket is not connected: shutdown> (0x00000000d2fd8cb0) 
thrown [s\open\src\hotspot\share\prims\jni.cpp, line 535]
Event: 14.202 Thread 0x000002da18810840 Exception <a 'java/lang/NoSuchMethodError'{0x00000000d2e9bf40}: 'java.lang.Object java.lang.invoke.DirectMethodHandle$Holder.newInvokeSpecial(java.lang.Object, java.lang.Object, int, int)'> (0x00000000d2e9bf40) 
thrown [s\open\src\hotspot\share\interpreter\linkResolver.cpp, line 759]
Event: 14.205 Thread 0x000002da18810840 Exception <a 'java/lang/NoSuchMethodError'{0x00000000d2ea6c08}: 'void java.lang.invoke.DirectMethodHandle$Holder.invokeStatic(java.lang.Object, java.lang.Object, int)'> (0x00000000d2ea6c08) 
thrown [s\open\src\hotspot\share\interpreter\linkResolver.cpp, line 759]
Event: 14.439 Thread 0x000002da7962e070 Exception <a 'java/lang/NoSuchMethodError'{0x00000000d2c9f228}: 'java.lang.Object java.lang.invoke.DirectMethodHandle$Holder.invokeSpecial(java.lang.Object, java.lang.Object, java.lang.Object, java.lang.Object, int)'> (0x00000000d2c9f228) 
thrown [s\open\src\hotspot\share\interpreter\linkResolver.cpp, line 759]
Event: 14.446 Thread 0x000002da7962e070 Exception <a 'java/lang/NoSuchMethodError'{0x00000000d2ca2df0}: 'java.lang.Object java.lang.invoke.Invokers$Holder.linkToTargetMethod(java.lang.Object, java.lang.Object, int, java.lang.Object)'> (0x00000000d2ca2df0) 
thrown [s\open\src\hotspot\share\interpreter\linkResolver.cpp, line 759]
Event: 14.569 Thread 0x000002da7962e070 Exception <a 'java/lang/NoSuchMethodError'{0x00000000d2cfa998}: 'void java.lang.invoke.DirectMethodHandle$Holder.invokeSpecial(java.lang.Object, java.lang.Object, java.lang.Object, java.lang.Object, java.lang.Object)'> (0x00000000d2cfa998) 
thrown [s\open\src\hotspot\share\interpreter\linkResolver.cpp, line 759]

VM Operations (20 events):
Event: 9.020 Executing VM operation: Cleanup
Event: 9.020 Executing VM operation: Cleanup done
Event: 12.043 Executing VM operation: Cleanup
Event: 12.057 Executing VM operation: Cleanup done
Event: 12.348 Executing VM operation: HandshakeAllThreads
Event: 12.348 Executing VM operation: HandshakeAllThreads done
Event: 12.772 Executing VM operation: HandshakeAllThreads
Event: 12.772 Executing VM operation: HandshakeAllThreads done
Event: 13.106 Executing VM operation: HandshakeAllThreads
Event: 13.106 Executing VM operation: HandshakeAllThreads done
Event: 13.106 Executing VM operation: Cleanup
Event: 13.107 Executing VM operation: Cleanup done
Event: 14.086 Executing VM operation: HandshakeAllThreads
Event: 14.086 Executing VM operation: HandshakeAllThreads done
Event: 14.097 Executing VM operation: HandshakeAllThreads
Event: 14.097 Executing VM operation: HandshakeAllThreads done
Event: 15.109 Executing VM operation: Cleanup
Event: 15.109 Executing VM operation: Cleanup done
Event: 17.625 Executing VM operation: HandshakeAllThreads
Event: 17.626 Executing VM operation: HandshakeAllThreads done

Events (20 events):
Event: 17.623 loading class java/nio/HeapByteBufferR
Event: 17.625 loading class java/nio/HeapByteBufferR done
Event: 17.630 loading class java/util/LinkedList$DescendingIterator
Event: 17.631 loading class java/util/LinkedList$DescendingIterator done
Event: 17.641 loading class java/util/stream/ReferencePipeline$5
Event: 17.642 loading class java/util/stream/LongPipeline$StatelessOp
Event: 17.642 loading class java/util/stream/LongPipeline
Event: 17.644 loading class java/util/stream/LongStream
Event: 17.645 loading class java/util/stream/LongStream done
Event: 17.645 loading class java/util/stream/LongPipeline done
Event: 17.645 loading class java/util/stream/LongPipeline$StatelessOp done
Event: 17.645 loading class java/util/stream/ReferencePipeline$5 done
Event: 17.646 loading class java/util/stream/FindOps$FindSink$OfLong
Event: 17.647 loading class java/util/stream/Sink$OfLong
Event: 17.648 loading class java/util/stream/Sink$OfLong done
Event: 17.648 loading class java/util/stream/FindOps$FindSink$OfLong done
Event: 17.649 loading class java/util/OptionalLong
Event: 17.649 loading class java/util/OptionalLong done
Event: 17.652 loading class java/util/stream/ReferencePipeline$5$1
Event: 17.652 loading class java/util/stream/ReferencePipeline$5$1 done


Dynamic libraries:
0x00007ff6ef840000 - 0x00007ff6ef850000 	C:\Program Files\Java\jdk-17\bin\java.exe
0x00007ffcb1b30000 - 0x00007ffcb1d28000 	C:\Windows\SYSTEM32\ntdll.dll
0x00007ffcb1770000 - 0x00007ffcb182d000 	C:\Windows\System32\KERNEL32.DLL
0x00007ffcaf1f0000 - 0x00007ffcaf4e6000 	C:\Windows\System32\KERNELBASE.dll
0x00007ffcaf7f0000 - 0x00007ffcaf8f0000 	C:\Windows\System32\ucrtbase.dll
0x00007ffcaba90000 - 0x00007ffcabaa9000 	C:\Program Files\Java\jdk-17\bin\jli.dll
0x00007ffcb13d0000 - 0x00007ffcb1480000 	C:\Windows\System32\ADVAPI32.dll
0x00007ffcb16d0000 - 0x00007ffcb176e000 	C:\Windows\System32\msvcrt.dll
0x00007ffcafd00000 - 0x00007ffcafda0000 	C:\Windows\System32\sechost.dll
0x00007ffcb1480000 - 0x00007ffcb15a3000 	C:\Windows\System32\RPCRT4.dll
0x00007ffcafb40000 - 0x00007ffcafb67000 	C:\Windows\System32\bcrypt.dll
0x00007ffcb06b0000 - 0x00007ffcb084f000 	C:\Windows\System32\USER32.dll
0x00007ffcaf4f0000 - 0x00007ffcaf512000 	C:\Windows\System32\win32u.dll
0x00007ffcb19e0000 - 0x00007ffcb1a0b000 	C:\Windows\System32\GDI32.dll
0x00007ffcaf680000 - 0x00007ffcaf797000 	C:\Windows\System32\gdi32full.dll
0x00007ffcaf9f0000 - 0x00007ffcafa8d000 	C:\Windows\System32\msvcp_win.dll
0x00007ffca1440000 - 0x00007ffca16da000 	C:\Windows\WinSxS\amd64_microsoft.windows.common-controls_6595b64144ccf1df_6.0.19041.4355_none_60b8b9eb71f62e16\COMCTL32.dll
0x00007ffca4420000 - 0x00007ffca442a000 	C:\Windows\SYSTEM32\VERSION.dll
0x00007ffcaba70000 - 0x00007ffcaba8b000 	C:\Program Files\Java\jdk-17\bin\VCRUNTIME140.dll
0x00007ffcafcd0000 - 0x00007ffcafcff000 	C:\Windows\System32\IMM32.DLL
0x00007ffcac180000 - 0x00007ffcac18c000 	C:\Program Files\Java\jdk-17\bin\vcruntime140_1.dll
0x00007ffca08a0000 - 0x00007ffca092e000 	C:\Program Files\Java\jdk-17\bin\msvcp140.dll
0x00007ffc7f310000 - 0x00007ffc7feef000 	C:\Program Files\Java\jdk-17\bin\server\jvm.dll
0x00007ffcb1a10000 - 0x00007ffcb1a18000 	C:\Windows\System32\PSAPI.DLL
0x00007ffcaa060000 - 0x00007ffcaa069000 	C:\Windows\SYSTEM32\WSOCK32.dll
0x00007ffcb0990000 - 0x00007ffcb09fb000 	C:\Windows\System32\WS2_32.dll
0x00007ffca1310000 - 0x00007ffca1337000 	C:\Windows\SYSTEM32\WINMM.dll
0x00007ffcad070000 - 0x00007ffcad082000 	C:\Windows\SYSTEM32\kernel.appcore.dll
0x00007ffcac140000 - 0x00007ffcac14a000 	C:\Program Files\Java\jdk-17\bin\jimage.dll
0x00007ffca7e50000 - 0x00007ffca8034000 	C:\Windows\SYSTEM32\DBGHELP.DLL
0x00007ffca79a0000 - 0x00007ffca79d4000 	C:\Windows\SYSTEM32\dbgcore.DLL
0x00007ffcaf8f0000 - 0x00007ffcaf972000 	C:\Windows\System32\bcryptPrimitives.dll
0x00007ffcaa050000 - 0x00007ffcaa05e000 	C:\Program Files\Java\jdk-17\bin\instrument.dll
0x00007ffca9250000 - 0x00007ffca9275000 	C:\Program Files\Java\jdk-17\bin\java.dll
0x00007ffca07c0000 - 0x00007ffca0897000 	C:\Program Files\Java\jdk-17\bin\jsvml.dll
0x00007ffcb0b30000 - 0x00007ffcb129c000 	C:\Windows\System32\SHELL32.dll
0x00007ffcad270000 - 0x00007ffcada0d000 	C:\Windows\SYSTEM32\windows.storage.dll
0x00007ffcafda0000 - 0x00007ffcb00f3000 	C:\Windows\System32\combase.dll
0x00007ffcaeb40000 - 0x00007ffcaeb6e000 	C:\Windows\SYSTEM32\Wldp.dll
0x00007ffcb1a20000 - 0x00007ffcb1aed000 	C:\Windows\System32\OLEAUT32.dll
0x00007ffcb15b0000 - 0x00007ffcb165d000 	C:\Windows\System32\SHCORE.dll
0x00007ffcb1670000 - 0x00007ffcb16c5000 	C:\Windows\System32\shlwapi.dll
0x00007ffcaf120000 - 0x00007ffcaf144000 	C:\Windows\SYSTEM32\profapi.dll
0x00007ffca9230000 - 0x00007ffca9248000 	C:\Program Files\Java\jdk-17\bin\zip.dll
0x00007ffca9850000 - 0x00007ffca9869000 	C:\Program Files\Java\jdk-17\bin\net.dll
0x00007ffca8240000 - 0x00007ffca834a000 	C:\Windows\SYSTEM32\WINHTTP.dll
0x00007ffcae8a0000 - 0x00007ffcae90a000 	C:\Windows\system32\mswsock.dll
0x00007ffca9310000 - 0x00007ffca9326000 	C:\Program Files\Java\jdk-17\bin\nio.dll
0x00007ffca9210000 - 0x00007ffca922a000 	C:\Program Files\JetBrains\IntelliJ IDEA Community Edition 2024.1.2\bin\breakgen64.dll
0x00007ffca8d30000 - 0x00007ffca8d40000 	C:\Program Files\Java\jdk-17\bin\verify.dll
0x00007ffcaeaa0000 - 0x00007ffcaeab8000 	C:\Windows\SYSTEM32\CRYPTSP.dll
0x00007ffcae1c0000 - 0x00007ffcae1f4000 	C:\Windows\system32\rsaenh.dll
0x00007ffcaf090000 - 0x00007ffcaf0be000 	C:\Windows\SYSTEM32\USERENV.dll
0x00007ffcaea90000 - 0x00007ffcaea9c000 	C:\Windows\SYSTEM32\CRYPTBASE.dll
0x00007ffcae580000 - 0x00007ffcae5bb000 	C:\Windows\SYSTEM32\IPHLPAPI.DLL
0x00007ffcafbd0000 - 0x00007ffcafbd8000 	C:\Windows\System32\NSI.dll
0x00007ffca8620000 - 0x00007ffca8637000 	C:\Windows\SYSTEM32\dhcpcsvc6.DLL
0x00007ffca9570000 - 0x00007ffca958d000 	C:\Windows\SYSTEM32\dhcpcsvc.DLL
0x00007ffcae5c0000 - 0x00007ffcae68a000 	C:\Windows\SYSTEM32\DNSAPI.dll
0x00007ffca5bc0000 - 0x00007ffca5bca000 	C:\Windows\System32\rasadhlp.dll
0x00007ffca6130000 - 0x00007ffca61b0000 	C:\Windows\System32\fwpuclnt.dll
0x00007ffca8ba0000 - 0x00007ffca8bae000 	C:\Program Files\Java\jdk-17\bin\sunmscapi.dll
0x00007ffcaf520000 - 0x00007ffcaf67e000 	C:\Windows\System32\CRYPT32.dll
0x00007ffcaebb0000 - 0x00007ffcaebd9000 	C:\Windows\SYSTEM32\ncrypt.dll
0x00007ffcaeb70000 - 0x00007ffcaebab000 	C:\Windows\SYSTEM32\NTASN1.dll
0x00007ffca89a0000 - 0x00007ffca89a7000 	C:\Windows\system32\wshunix.dll

dbghelp: loaded successfully - version: 4.0.5 - missing functions: none
symbol engine: initialized successfully - sym options: 0x614 - pdb path: .;C:\Program Files\Java\jdk-17\bin;C:\Windows\SYSTEM32;C:\Windows\WinSxS\amd64_microsoft.windows.common-controls_6595b64144ccf1df_6.0.19041.4355_none_60b8b9eb71f62e16;C:\Program Files\Java\jdk-17\bin\server;C:\Program Files\JetBrains\IntelliJ IDEA Community Edition 2024.1.2\bin

VM Arguments:
jvm_args: -ea -Didea.test.cyclic.buffer.size=1048576 -javaagent:C:\Program Files\JetBrains\IntelliJ IDEA Community Edition 2024.1.2\lib\idea_rt.jar=55029:C:\Program Files\JetBrains\IntelliJ IDEA Community Edition 2024.1.2\bin -Dfile.encoding=UTF-8 
java_command: com.intellij.rt.testng.RemoteTestNGStarter -usedefaultlisteners false -socket55028 @w@C:\Users\CANER\AppData\Local\Temp\idea_working_dirs_testng.tmp -temp C:\Users\CANER\AppData\Local\Temp\idea_testng.tmp
java_class_path (initial): C:\Program Files\JetBrains\IntelliJ IDEA Community Edition 2024.1.2\lib\idea_rt.jar;C:\Program Files\JetBrains\IntelliJ IDEA Community Edition 2024.1.2\plugins\testng\lib\testng-rt.jar;C:\Users\CANER\Desktop\tülay selenium automation ödev\testng-test-framework-main\testng-test-framework-main\target\test-classes;C:\Users\CANER\.m2\repository\org\testng\testng\7.9.0\testng-7.9.0.jar;C:\Users\CANER\.m2\repository\org\slf4j\slf4j-api\1.7.36\slf4j-api-1.7.36.jar;C:\Users\CANER\.m2\repository\com\beust\jcommander\1.82\jcommander-1.82.jar;C:\Users\CANER\.m2\repository\org\webjars\jquery\3.7.1\jquery-3.7.1.jar;C:\Users\CANER\.m2\repository\org\seleniumhq\selenium\selenium-java\4.18.1\selenium-java-4.18.1.jar;C:\Users\CANER\.m2\repository\org\seleniumhq\selenium\selenium-api\4.18.1\selenium-api-4.18.1.jar;C:\Users\CANER\.m2\repository\org\seleniumhq\selenium\selenium-chrome-driver\4.18.1\selenium-chrome-driver-4.18.1.jar;C:\Users\CANER\.m2\repository\com\google\auto\service\auto-service-annotations\1.1.1\auto-service-annotations-1.1.1.jar;C:\Users\CANER\.m2\repository\org\seleniumhq\selenium\selenium-chromium-driver\4.18.1\selenium-chromium-driver-4.18.1.jar;C:\Users\CANER\.m2\repository\org\seleniumhq\selenium\selenium-json\4.18.1\selenium-json-4.18.1.jar;C:\Users\CANER\.m2\repository\org\seleniumhq\selenium\selenium-manager\4.18.1\selenium-manager-4.18.1.jar;C:\Users\CANER\.m2\repository\org\seleniumhq\selenium\selenium-devtools-v120\4.18.1\selenium-devtools-v120-4.18.1.jar;C:\Users\CANER\.m2\repository\org\seleniumhq\selenium\selenium-devtools-v121\4.18.1\selenium-devtools-v121-4.18.1.jar;C:\Users\CANER\.m2\repository\org\seleniumhq\selenium\selenium-devtools-v122\4.18.1\selenium-devtools-v122-4.18.1.jar;C:\Users\CANER\.m2\repository\org\seleniumhq\selenium\selenium-devtools-v85\4.18.1\selenium-devtools-v85-4.18.1.jar;C:\Users\CANER\.m2\repository\org\seleniumhq\selenium\selenium-edge-driver\4.18.1\selenium-edge-driver-4.18.1.jar;C:\Users\CANE
Launcher Type: SUN_STANDARD

[Global flags]
     intx CICompilerCount                          = 3                                         {product} {ergonomic}
     uint ConcGCThreads                            = 1                                         {product} {ergonomic}
     uint G1ConcRefinementThreads                  = 4                                         {product} {ergonomic}
   size_t G1HeapRegionSize                         = 1048576                                   {product} {ergonomic}
    uintx GCDrainStackTargetSize                   = 64                                        {product} {ergonomic}
   size_t InitialHeapSize                          = 50331648                                  {product} {ergonomic}
   size_t MarkStackSize                            = 4194304                                   {product} {ergonomic}
   size_t MaxHeapSize                              = 786432000                                 {product} {ergonomic}
   size_t MaxNewSize                               = 471859200                                 {product} {ergonomic}
   size_t MinHeapDeltaBytes                        = 1048576                                   {product} {ergonomic}
   size_t MinHeapSize                              = 8388608                                   {product} {ergonomic}
    uintx NonNMethodCodeHeapSize                   = 5832780                                {pd product} {ergonomic}
    uintx NonProfiledCodeHeapSize                  = 122912730                              {pd product} {ergonomic}
    uintx ProfiledCodeHeapSize                     = 122912730                              {pd product} {ergonomic}
    uintx ReservedCodeCacheSize                    = 251658240                              {pd product} {ergonomic}
     bool SegmentedCodeCache                       = true                                      {product} {ergonomic}
   size_t SoftMaxHeapSize                          = 786432000                              {manageable} {ergonomic}
     bool UseCompressedClassPointers               = true                           {product lp64_product} {ergonomic}
     bool UseCompressedOops                        = true                           {product lp64_product} {ergonomic}
     bool UseG1GC                                  = true                                      {product} {ergonomic}
     bool UseLargePagesIndividualAllocation        = false                                  {pd product} {ergonomic}

Logging:
Log output configuration:
 #0: stdout all=warning uptime,level,tags
 #1: stderr all=off uptime,level,tags

Environment Variables:
PATH=C:\Program Files\Common Files\Oracle\Java\javapath;C:\Program Files (x86)\Common Files\Oracle\Java\javapath;C:\Windows\system32;C:\Windows;C:\Windows\System32\Wbem;C:\Windows\System32\WindowsPowerShell\v1.0\;C:\Windows\System32\OpenSSH\;C:\Program Files (x86)\ATI Technologies\ATI.ACE\Core-Static;C:\Program Files\Git\cmd;C:\Users\CANER\AppData\Local\Microsoft\WindowsApps;C:\Program Files\apache-maven-3.9.7\bin;
USERNAME=CANER
OS=Windows_NT
PROCESSOR_IDENTIFIER=Intel64 Family 6 Model 37 Stepping 5, GenuineIntel



---------------  S Y S T E M  ---------------

OS:
 Windows 10 , 64 bit Build 19041 (10.0.19041.3636)
OS uptime: 1 days 10:10 hours

CPU: total 4 (initial active 4) (2 cores per cpu, 2 threads per core) family 6 model 37 stepping 5 microcode 0x7, cx8, cmov, fxsr, ht, mmx, sse, sse2, sse3, ssse3, sse4.1, sse4.2, popcnt, tsc, tscinvbit, clflush

Memory: 4k page, system-wide physical 2996M (76M free)
TotalPageFile size 12212M (AvailPageFile size 12M)
current process WorkingSet (physical memory assigned to process): 97M, peak: 109M
current process commit charge ("private bytes"): 149M, peak: 164M

vm_info: Java HotSpot(TM) 64-Bit Server VM (17.0.10+11-LTS-240) for windows-amd64 JRE (17.0.10+11-LTS-240), built on Dec 19 2023 21:47:25 by "mach5one" with MS VC++ 17.1 (VS2022)

END.
